     1      0      0      0 
     1      1      1      1 
     2      3      3      3 
     4      6      6      6 
     8     11     11     11 
    14     19     19     19 
    25     31     31     31 
    42     51     51     51 
    75     86     86     86 
   125    139    139    139 
   201    218    218    218 
   313    333    333    333 
   475    499    499    499 
   708    735    735    735 
  1050   1080   1080   1080 
  1551   1587   1587   1587 
  2271   2311   2311   2311 
  3294   3339   3339   3339 
  4725   4775   4775   4775 
  6703   6757   6757   6757 
  9452   9512   9512   9512 
 13252  13319  13319  13319 
 18501  18573  18573  18573 
 25705  25782  25782  25782 
 35510  35593  35593  35593 
 48774  48865  48865  48865 
 66559  66657  66657  66657 
 90418  90524  90524  90524 
122198 122312 122312 122312 
164368 164489 164489 164489 
219943 220070 220070 220070 
292634 292767 292767 292767 
386715 386854 386854 386854 
507420 507564 507564 507564 
660696 660849 660849 660849 
852838 852996 852995 852996 
1090626 1090789 1090787 1090789 
1380496 1380661 1380659 1380661 
1727632 1727804 1727802 1727804 
2136156 2136332 2136329 2136332 
