     1      1      0      0 
     1      1      1      0 
     1      1      2      2 
     1      1      5      5 
     6      6      7      7 
    15     15      9      9 
    25     25     21     21 
    37     37     44     44 
    72     72     79     79 
   131    131    125    125 
   227    227    220    220 
   375    375    380    380 
   622    622    625    625 
  1020   1020   1017   1017 
  1643   1643   1651   1651 
  2633   2633   2639   2639 
  4162   4162   4120   4120 
  6493   6493   6476   6476 
 10020  10020  10092  10092 
 15388  15388  15448  15448 
 23508  23508  23398  23398 
 35480  35480  35375  35375 
 52995  52995  53101  53101 
 78672  78672  78811  78811 
116070 116070 115960 115960 
169475 169475 169321 169321 
244804 244804 244942 244942 
350121 350121 350293 350293 
494943 494943 494873 494873 
689682 689682 689546 689546 
945472 945472 945604 945604 
1273548 1273548 1273692 1273692 
1681650 1681650 1681790 1681790 
2174321 2174321 2174328 2174328 
2751205 2751205 2751433 2751433 
